1611652612689	geckodriver	INFO	Listening on 127.0.0.1:52193
1611652613693	mozrunner::runner	INFO	Running command: "/Applications/Firefox.app/Contents/MacOS/firefox-bin" "--marionette" "-foreground" "-no-remote" "-profile" "/var/folders/mw/ysgm2lv15wjbrg23r7ppm_7m0000gn/T/rust_mozprofileMhPk10"
XPCOMGlueLoad error for file /Applications/Firefox.app/Contents/MacOS/XUL:
dlopen(/Applications/Firefox.app/Contents/MacOS/XUL, 265): Symbol not found: __ZN20wireless_diagnostics6google8protobuf2io16CodedInputStream24default_recursion_limit_E
  Referenced from: /System/Library/PrivateFrameworks/WirelessDiagnostics.framework/Versions/A/Libraries/libAWDSupport.dylib
  Expected in: /usr/local/mysql/lib/libprotobuf-lite.dylib
 in /System/Library/PrivateFrameworks/WirelessDiagnostics.framework/Versions/A/Libraries/libAWDSupport.dylib
Couldn't load XPCOM.
1611652616085	geckodriver	INFO	Listening on 127.0.0.1:52228
1611652617102	mozrunner::runner	INFO	Running command: "/Applications/Firefox.app/Contents/MacOS/firefox-bin" "--marionette" "-foreground" "-no-remote" "-profile" "/var/folders/mw/ysgm2lv15wjbrg23r7ppm_7m0000gn/T/rust_mozprofile5dTu66"
XPCOMGlueLoad error for file /Applications/Firefox.app/Contents/MacOS/XUL:
dlopen(/Applications/Firefox.app/Contents/MacOS/XUL, 265): Symbol not found: __ZN20wireless_diagnostics6google8protobuf2io16CodedInputStream24default_recursion_limit_E
  Referenced from: /System/Library/PrivateFrameworks/WirelessDiagnostics.framework/Versions/A/Libraries/libAWDSupport.dylib
  Expected in: /usr/local/mysql/lib/libprotobuf-lite.dylib
 in /System/Library/PrivateFrameworks/WirelessDiagnostics.framework/Versions/A/Libraries/libAWDSupport.dylib
Couldn't load XPCOM.
1611652777640	geckodriver	INFO	Listening on 127.0.0.1:52680
1611652778648	mozrunner::runner	INFO	Running command: "/Applications/Firefox.app/Contents/MacOS/firefox-bin" "--marionette" "-foreground" "-no-remote" "-profile" "/var/folders/mw/ysgm2lv15wjbrg23r7ppm_7m0000gn/T/rust_mozprofilenNmGmj"
XPCOMGlueLoad error for file /Applications/Firefox.app/Contents/MacOS/XUL:
dlopen(/Applications/Firefox.app/Contents/MacOS/XUL, 265): Symbol not found: __ZN20wireless_diagnostics6google8protobuf2io16CodedInputStream24default_recursion_limit_E
  Referenced from: /System/Library/PrivateFrameworks/WirelessDiagnostics.framework/Versions/A/Libraries/libAWDSupport.dylib
  Expected in: /usr/local/mysql/lib/libprotobuf-lite.dylib
 in /System/Library/PrivateFrameworks/WirelessDiagnostics.framework/Versions/A/Libraries/libAWDSupport.dylib
Couldn't load XPCOM.
1611652778869	geckodriver	INFO	Listening on 127.0.0.1:52693
1611652779889	mozrunner::runner	INFO	Running command: "/Applications/Firefox.app/Contents/MacOS/firefox-bin" "--marionette" "-foreground" "-no-remote" "-profile" "/var/folders/mw/ysgm2lv15wjbrg23r7ppm_7m0000gn/T/rust_mozprofilep344WC"
XPCOMGlueLoad error for file /Applications/Firefox.app/Contents/MacOS/XUL:
dlopen(/Applications/Firefox.app/Contents/MacOS/XUL, 265): Symbol not found: __ZN20wireless_diagnostics6google8protobuf2io16CodedInputStream24default_recursion_limit_E
  Referenced from: /System/Library/PrivateFrameworks/WirelessDiagnostics.framework/Versions/A/Libraries/libAWDSupport.dylib
  Expected in: /usr/local/mysql/lib/libprotobuf-lite.dylib
 in /System/Library/PrivateFrameworks/WirelessDiagnostics.framework/Versions/A/Libraries/libAWDSupport.dylib
Couldn't load XPCOM.
1611653045304	geckodriver	INFO	Listening on 127.0.0.1:52733
1611653045879	mozrunner::runner	INFO	Running command: "/Applications/Firefox.app/Contents/MacOS/firefox-bin" "--marionette" "-foreground" "-no-remote" "-profile" "/var/folders/mw/ysgm2lv15wjbrg23r7ppm_7m0000gn/T/rust_mozprofileSFp1LP"
XPCOMGlueLoad error for file /Applications/Firefox.app/Contents/MacOS/XUL:
dlopen(/Applications/Firefox.app/Contents/MacOS/XUL, 265): Symbol not found: __ZN20wireless_diagnostics6google8protobuf2io16CodedInputStream24default_recursion_limit_E
  Referenced from: /System/Library/PrivateFrameworks/WirelessDiagnostics.framework/Versions/A/Libraries/libAWDSupport.dylib
  Expected in: /usr/local/mysql/lib/libprotobuf-lite.dylib
 in /System/Library/PrivateFrameworks/WirelessDiagnostics.framework/Versions/A/Libraries/libAWDSupport.dylib
Couldn't load XPCOM.
1611653046342	geckodriver	INFO	Listening on 127.0.0.1:52748
1611653047360	mozrunner::runner	INFO	Running command: "/Applications/Firefox.app/Contents/MacOS/firefox-bin" "--marionette" "-foreground" "-no-remote" "-profile" "/var/folders/mw/ysgm2lv15wjbrg23r7ppm_7m0000gn/T/rust_mozprofilefj5z3t"
XPCOMGlueLoad error for file /Applications/Firefox.app/Contents/MacOS/XUL:
dlopen(/Applications/Firefox.app/Contents/MacOS/XUL, 265): Symbol not found: __ZN20wireless_diagnostics6google8protobuf2io16CodedInputStream24default_recursion_limit_E
  Referenced from: /System/Library/PrivateFrameworks/WirelessDiagnostics.framework/Versions/A/Libraries/libAWDSupport.dylib
  Expected in: /usr/local/mysql/lib/libprotobuf-lite.dylib
 in /System/Library/PrivateFrameworks/WirelessDiagnostics.framework/Versions/A/Libraries/libAWDSupport.dylib
Couldn't load XPCOM.
